{"/Users/lucasfernandes/Documents/Projects/Weather_Nest/weather_app/src/app.controller.ts": {"path":"/Users/lucasfernandes/Documents/Projects/Weather_Nest/weather_app/src/app.controller.ts","statementMap":{"0":{"start":{"line":1,"column":0},"end":{"line":1,"column":49}},"1":{"start":{"line":2,"column":0},"end":{"line":2,"column":43}},"2":{"start":{"line":5,"column":0},"end":{"line":12,"column":null}},"3":{"start":{"line":6,"column":31},"end":{"line":6,"column":43}},"4":{"start":{"line":10,"column":4},"end":{"line":10,"column":38}},"5":{"start":{"line":9,"column":2},"end":{"line":11,"column":null}},"6":{"start":{"line":5,"column":13},"end":{"line":12,"column":null}},"7":{"start":{"line":5,"column":13},"end":{"line":5,"column":26}}},"fnMap":{"0":{"name":"(anonymous_2)","decl":{"start":{"line":6,"column":2},"end":{"line":6,"column":31}},"loc":{"start":{"line":6,"column":53},"end":{"line":6,"column":57}}},"1":{"name":"(anonymous_3)","decl":{"start":{"line":9,"column":2},"end":{"line":9,"column":10}},"loc":{"start":{"line":9,"column":10},"end":{"line":11,"column":3}}}},"branchMap":{},"s":{"0":1,"1":1,"2":1,"3":1,"4":1,"5":1,"6":1,"7":1},"f":{"0":1,"1":1},"b":{}}
,"/Users/lucasfernandes/Documents/Projects/Weather_Nest/weather_app/src/app.module.ts": {"path":"/Users/lucasfernandes/Documents/Projects/Weather_Nest/weather_app/src/app.module.ts","statementMap":{"0":{"start":{"line":1,"column":0},"end":{"line":1,"column":40}},"1":{"start":{"line":2,"column":0},"end":{"line":2,"column":49}},"2":{"start":{"line":3,"column":0},"end":{"line":3,"column":43}},"3":{"start":{"line":4,"column":0},"end":{"line":4,"column":57}},"4":{"start":{"line":5,"column":0},"end":{"line":5,"column":50}},"5":{"start":{"line":6,"column":0},"end":{"line":6,"column":54}},"6":{"start":{"line":17,"column":0},"end":{"line":17,"column":null}},"7":{"start":{"line":17,"column":13},"end":{"line":17,"column":null}},"8":{"start":{"line":17,"column":13},"end":{"line":17,"column":22}}},"fnMap":{},"branchMap":{},"s":{"0":0,"1":0,"2":0,"3":0,"4":0,"5":0,"6":0,"7":0,"8":0},"f":{},"b":{}}
,"/Users/lucasfernandes/Documents/Projects/Weather_Nest/weather_app/src/app.service.ts": {"path":"/Users/lucasfernandes/Documents/Projects/Weather_Nest/weather_app/src/app.service.ts","statementMap":{"0":{"start":{"line":1,"column":0},"end":{"line":1,"column":44}},"1":{"start":{"line":4,"column":0},"end":{"line":8,"column":null}},"2":{"start":{"line":6,"column":4},"end":{"line":6,"column":26}},"3":{"start":{"line":4,"column":13},"end":{"line":8,"column":null}},"4":{"start":{"line":4,"column":13},"end":{"line":4,"column":23}}},"fnMap":{"0":{"name":"(anonymous_1)","decl":{"start":{"line":5,"column":2},"end":{"line":5,"column":10}},"loc":{"start":{"line":5,"column":10},"end":{"line":7,"column":3}}}},"branchMap":{},"s":{"0":1,"1":1,"2":1,"3":1,"4":1},"f":{"0":1},"b":{}}
,"/Users/lucasfernandes/Documents/Projects/Weather_Nest/weather_app/src/main.ts": {"path":"/Users/lucasfernandes/Documents/Projects/Weather_Nest/weather_app/src/main.ts","statementMap":{"0":{"start":{"line":1,"column":0},"end":{"line":1,"column":43}},"1":{"start":{"line":2,"column":0},"end":{"line":2,"column":41}},"2":{"start":{"line":5,"column":14},"end":{"line":5,"column":49}},"3":{"start":{"line":6,"column":2},"end":{"line":6,"column":19}},"4":{"start":{"line":7,"column":2},"end":{"line":7,"column":25}},"5":{"start":{"line":9,"column":0},"end":{"line":9,"column":12}}},"fnMap":{"0":{"name":"bootstrap","decl":{"start":{"line":4,"column":15},"end":{"line":4,"column":24}},"loc":{"start":{"line":4,"column":24},"end":{"line":8,"column":1}}}},"branchMap":{},"s":{"0":0,"1":0,"2":0,"3":0,"4":0,"5":0},"f":{"0":0},"b":{}}
,"/Users/lucasfernandes/Documents/Projects/Weather_Nest/weather_app/src/cities/cities.module.ts": {"path":"/Users/lucasfernandes/Documents/Projects/Weather_Nest/weather_app/src/cities/cities.module.ts","statementMap":{"0":{"start":{"line":1,"column":0},"end":{"line":1,"column":40}},"1":{"start":{"line":2,"column":0},"end":{"line":2,"column":50}},"2":{"start":{"line":4,"column":0},"end":{"line":4,"column":58}},"3":{"start":{"line":5,"column":0},"end":{"line":5,"column":67}},"4":{"start":{"line":6,"column":0},"end":{"line":6,"column":57}},"5":{"start":{"line":20,"column":0},"end":{"line":20,"column":null}},"6":{"start":{"line":20,"column":13},"end":{"line":20,"column":null}},"7":{"start":{"line":20,"column":13},"end":{"line":20,"column":25}}},"fnMap":{},"branchMap":{},"s":{"0":0,"1":0,"2":0,"3":0,"4":0,"5":0,"6":0,"7":0},"f":{},"b":{}}
,"/Users/lucasfernandes/Documents/Projects/Weather_Nest/weather_app/src/cities/controllers/cities.controller.ts": {"path":"/Users/lucasfernandes/Documents/Projects/Weather_Nest/weather_app/src/cities/controllers/cities.controller.ts","statementMap":{"0":{"start":{"line":1,"column":0},"end":{"line":1,"column":null}},"1":{"start":{"line":8,"column":0},"end":{"line":8,"column":59}},"2":{"start":{"line":9,"column":0},"end":{"line":9,"column":49}},"3":{"start":{"line":12,"column":0},"end":{"line":23,"column":null}},"4":{"start":{"line":14,"column":45},"end":{"line":14,"column":60}},"5":{"start":{"line":19,"column":17},"end":{"line":19,"column":55}},"6":{"start":{"line":20,"column":4},"end":{"line":21,"column":55}},"7":{"start":{"line":20,"column":14},"end":{"line":20,"column":26}},"8":{"start":{"line":21,"column":9},"end":{"line":21,"column":55}},"9":{"start":{"line":18,"column":2},"end":{"line":22,"column":null}},"10":{"start":{"line":12,"column":13},"end":{"line":23,"column":null}},"11":{"start":{"line":12,"column":13},"end":{"line":12,"column":29}}},"fnMap":{"0":{"name":"(anonymous_4)","decl":{"start":{"line":13,"column":2},"end":{"line":13,"column":null}},"loc":{"start":{"line":14,"column":73},"end":{"line":15,"column":6}}},"1":{"name":"(anonymous_5)","decl":{"start":{"line":18,"column":2},"end":{"line":18,"column":9}},"loc":{"start":{"line":18,"column":40},"end":{"line":22,"column":3}}}},"branchMap":{"0":{"loc":{"start":{"line":20,"column":4},"end":{"line":21,"column":55}},"type":"if","locations":[{"start":{"line":20,"column":4},"end":{"line":21,"column":55}},{"start":{"line":21,"column":9},"end":{"line":21,"column":55}}]}},"s":{"0":0,"1":0,"2":0,"3":0,"4":0,"5":0,"6":0,"7":0,"8":0,"9":0,"10":0,"11":0},"f":{"0":0,"1":0},"b":{"0":[0,0]}}
,"/Users/lucasfernandes/Documents/Projects/Weather_Nest/weather_app/src/cities/dto/get-city.dto.ts": {"path":"/Users/lucasfernandes/Documents/Projects/Weather_Nest/weather_app/src/cities/dto/get-city.dto.ts","statementMap":{"0":{"start":{"line":1,"column":0},"end":{"line":1,"column":13}}},"fnMap":{},"branchMap":{},"s":{"0":0},"f":{},"b":{}}
,"/Users/lucasfernandes/Documents/Projects/Weather_Nest/weather_app/src/cities/entities/city.entity.ts": {"path":"/Users/lucasfernandes/Documents/Projects/Weather_Nest/weather_app/src/cities/entities/city.entity.ts","statementMap":{"0":{"start":{"line":1,"column":0},"end":{"line":1,"column":13}}},"fnMap":{},"branchMap":{},"s":{"0":0},"f":{},"b":{}}
,"/Users/lucasfernandes/Documents/Projects/Weather_Nest/weather_app/src/cities/schemas/city.schema.ts": {"path":"/Users/lucasfernandes/Documents/Projects/Weather_Nest/weather_app/src/cities/schemas/city.schema.ts","statementMap":{"0":{"start":{"line":1,"column":0},"end":{"line":1,"column":63}},"1":{"start":{"line":12,"column":0},"end":{"line":18,"column":null}},"2":{"start":{"line":14,"column":2},"end":{"line":14,"column":null}},"3":{"start":{"line":17,"column":2},"end":{"line":17,"column":null}},"4":{"start":{"line":12,"column":6},"end":{"line":18,"column":null}},"5":{"start":{"line":21,"column":0},"end":{"line":36,"column":null}},"6":{"start":{"line":23,"column":2},"end":{"line":23,"column":null}},"7":{"start":{"line":26,"column":2},"end":{"line":26,"column":null}},"8":{"start":{"line":29,"column":2},"end":{"line":29,"column":null}},"9":{"start":{"line":32,"column":2},"end":{"line":32,"column":null}},"10":{"start":{"line":35,"column":2},"end":{"line":35,"column":null}},"11":{"start":{"line":21,"column":13},"end":{"line":36,"column":null}},"12":{"start":{"line":21,"column":13},"end":{"line":21,"column":17}},"13":{"start":{"line":38,"column":13},"end":{"line":38,"column":61}}},"fnMap":{},"branchMap":{},"s":{"0":1,"1":1,"2":1,"3":1,"4":1,"5":1,"6":1,"7":1,"8":1,"9":1,"10":1,"11":1,"12":1,"13":1},"f":{},"b":{}}
,"/Users/lucasfernandes/Documents/Projects/Weather_Nest/weather_app/src/cities/services/cities.service.ts": {"path":"/Users/lucasfernandes/Documents/Projects/Weather_Nest/weather_app/src/cities/services/cities.service.ts","statementMap":{"0":{"start":{"line":1,"column":0},"end":{"line":1,"column":33}},"1":{"start":{"line":2,"column":0},"end":{"line":2,"column":47}},"2":{"start":{"line":3,"column":0},"end":{"line":3,"column":44}},"3":{"start":{"line":6,"column":0},"end":{"line":6,"column":60}},"4":{"start":{"line":9,"column":0},"end":{"line":16,"column":null}},"5":{"start":{"line":10,"column":46},"end":{"line":10,"column":57}},"6":{"start":{"line":13,"column":17},"end":{"line":13,"column":72}},"7":{"start":{"line":14,"column":4},"end":{"line":14,"column":16}},"8":{"start":{"line":9,"column":13},"end":{"line":16,"column":null}},"9":{"start":{"line":9,"column":13},"end":{"line":9,"column":26}}},"fnMap":{"0":{"name":"(anonymous_4)","decl":{"start":{"line":10,"column":2},"end":{"line":10,"column":15}},"loc":{"start":{"line":10,"column":76},"end":{"line":10,"column":80}}},"1":{"name":"(anonymous_5)","decl":{"start":{"line":12,"column":2},"end":{"line":12,"column":7}},"loc":{"start":{"line":12,"column":38},"end":{"line":15,"column":3}}}},"branchMap":{},"s":{"0":1,"1":1,"2":1,"3":1,"4":1,"5":0,"6":0,"7":0,"8":1,"9":1},"f":{"0":0,"1":0},"b":{}}
,"/Users/lucasfernandes/Documents/Projects/Weather_Nest/weather_app/src/weather/weather.module.ts": {"path":"/Users/lucasfernandes/Documents/Projects/Weather_Nest/weather_app/src/weather/weather.module.ts","statementMap":{"0":{"start":{"line":1,"column":0},"end":{"line":1,"column":null}},"1":{"start":{"line":7,"column":0},"end":{"line":7,"column":43}},"2":{"start":{"line":9,"column":0},"end":{"line":9,"column":60}},"3":{"start":{"line":10,"column":0},"end":{"line":10,"column":69}},"4":{"start":{"line":11,"column":0},"end":{"line":11,"column":49}},"5":{"start":{"line":23,"column":0},"end":{"line":30,"column":null}},"6":{"start":{"line":25,"column":4},"end":{"line":28,"column":7}},"7":{"start":{"line":23,"column":13},"end":{"line":30,"column":null}},"8":{"start":{"line":23,"column":13},"end":{"line":23,"column":26}}},"fnMap":{"0":{"name":"(anonymous_1)","decl":{"start":{"line":24,"column":2},"end":{"line":24,"column":11}},"loc":{"start":{"line":24,"column":40},"end":{"line":29,"column":3}}}},"branchMap":{},"s":{"0":0,"1":0,"2":0,"3":0,"4":0,"5":0,"6":0,"7":0,"8":0},"f":{"0":0},"b":{}}
,"/Users/lucasfernandes/Documents/Projects/Weather_Nest/weather_app/src/weather/controllers/weather.controller.ts": {"path":"/Users/lucasfernandes/Documents/Projects/Weather_Nest/weather_app/src/weather/controllers/weather.controller.ts","statementMap":{"0":{"start":{"line":1,"column":0},"end":{"line":1,"column":null}},"1":{"start":{"line":10,"column":0},"end":{"line":10,"column":39}},"2":{"start":{"line":11,"column":0},"end":{"line":11,"column":55}},"3":{"start":{"line":12,"column":0},"end":{"line":12,"column":53}},"4":{"start":{"line":13,"column":0},"end":{"line":13,"column":null}},"5":{"start":{"line":17,"column":0},"end":{"line":17,"column":61}},"6":{"start":{"line":20,"column":0},"end":{"line":53,"column":null}},"7":{"start":{"line":22,"column":48},"end":{"line":22,"column":64}},"8":{"start":{"line":28,"column":20},"end":{"line":48,"column":null}},"9":{"start":{"line":32,"column":37},"end":{"line":32,"column":55}},"10":{"start":{"line":33,"column":33},"end":{"line":33,"column":51}},"11":{"start":{"line":34,"column":34},"end":{"line":34,"column":58}},"12":{"start":{"line":35,"column":31},"end":{"line":35,"column":44}},"13":{"start":{"line":37,"column":26},"end":{"line":44,"column":null}},"14":{"start":{"line":47,"column":10},"end":{"line":47,"column":25}},"15":{"start":{"line":50,"column":4},"end":{"line":51,"column":55}},"16":{"start":{"line":50,"column":17},"end":{"line":50,"column":32}},"17":{"start":{"line":51,"column":9},"end":{"line":51,"column":55}},"18":{"start":{"line":27,"column":2},"end":{"line":52,"column":null}},"19":{"start":{"line":20,"column":13},"end":{"line":53,"column":null}},"20":{"start":{"line":20,"column":13},"end":{"line":20,"column":30}}},"fnMap":{"0":{"name":"(anonymous_4)","decl":{"start":{"line":21,"column":2},"end":{"line":21,"column":null}},"loc":{"start":{"line":22,"column":78},"end":{"line":23,"column":6}}},"1":{"name":"(anonymous_5)","decl":{"start":{"line":27,"column":2},"end":{"line":27,"column":12}},"loc":{"start":{"line":27,"column":40},"end":{"line":52,"column":3}}},"2":{"name":"(anonymous_6)","decl":{"start":{"line":31,"column":12},"end":{"line":31,"column":13}},"loc":{"start":{"line":31,"column":25},"end":{"line":48,"column":9}}}},"branchMap":{"0":{"loc":{"start":{"line":50,"column":4},"end":{"line":51,"column":55}},"type":"if","locations":[{"start":{"line":50,"column":4},"end":{"line":51,"column":55}},{"start":{"line":51,"column":9},"end":{"line":51,"column":55}}]}},"s":{"0":1,"1":1,"2":1,"3":1,"4":1,"5":1,"6":1,"7":2,"8":1,"9":0,"10":0,"11":0,"12":0,"13":0,"14":0,"15":1,"16":1,"17":0,"18":1,"19":1,"20":1},"f":{"0":2,"1":1,"2":0},"b":{"0":[1,0]}}
,"/Users/lucasfernandes/Documents/Projects/Weather_Nest/weather_app/src/weather/dto/get-weather.dto.ts": {"path":"/Users/lucasfernandes/Documents/Projects/Weather_Nest/weather_app/src/weather/dto/get-weather.dto.ts","statementMap":{"0":{"start":{"line":1,"column":0},"end":{"line":1,"column":55}},"1":{"start":{"line":5,"column":2},"end":{"line":5,"column":null}},"2":{"start":{"line":2,"column":0},"end":{"line":2,"column":13}}},"fnMap":{},"branchMap":{},"s":{"0":1,"1":1,"2":1},"f":{},"b":{}}
,"/Users/lucasfernandes/Documents/Projects/Weather_Nest/weather_app/src/weather/entities/weather.entity.ts": {"path":"/Users/lucasfernandes/Documents/Projects/Weather_Nest/weather_app/src/weather/entities/weather.entity.ts","statementMap":{"0":{"start":{"line":3,"column":11},"end":{"line":3,"column":21}},"1":{"start":{"line":4,"column":11},"end":{"line":4,"column":23}},"2":{"start":{"line":5,"column":11},"end":{"line":5,"column":30}},"3":{"start":{"line":6,"column":11},"end":{"line":6,"column":27}},"4":{"start":{"line":7,"column":11},"end":{"line":7,"column":27}},"5":{"start":{"line":8,"column":11},"end":{"line":8,"column":28}},"6":{"start":{"line":9,"column":11},"end":{"line":9,"column":30}},"7":{"start":{"line":1,"column":0},"end":{"line":1,"column":13}}},"fnMap":{"0":{"name":"(anonymous_0)","decl":{"start":{"line":2,"column":2},"end":{"line":2,"column":null}},"loc":{"start":{"line":9,"column":30},"end":{"line":10,"column":6}}}},"branchMap":{},"s":{"0":0,"1":0,"2":0,"3":0,"4":0,"5":0,"6":0,"7":1},"f":{"0":0},"b":{}}
,"/Users/lucasfernandes/Documents/Projects/Weather_Nest/weather_app/src/weather/middlewares/index.ts": {"path":"/Users/lucasfernandes/Documents/Projects/Weather_Nest/weather_app/src/weather/middlewares/index.ts","statementMap":{"0":{"start":{"line":1,"column":0},"end":{"line":1,"column":60}},"1":{"start":{"line":5,"column":0},"end":{"line":10,"column":null}},"2":{"start":{"line":7,"column":4},"end":{"line":7,"column":32}},"3":{"start":{"line":8,"column":4},"end":{"line":8,"column":11}},"4":{"start":{"line":5,"column":13},"end":{"line":10,"column":null}},"5":{"start":{"line":5,"column":13},"end":{"line":5,"column":29}}},"fnMap":{"0":{"name":"(anonymous_1)","decl":{"start":{"line":6,"column":2},"end":{"line":6,"column":5}},"loc":{"start":{"line":6,"column":51},"end":{"line":9,"column":3}}}},"branchMap":{},"s":{"0":0,"1":0,"2":0,"3":0,"4":0,"5":0},"f":{"0":0},"b":{}}
,"/Users/lucasfernandes/Documents/Projects/Weather_Nest/weather_app/src/weather/services/weather.service.ts": {"path":"/Users/lucasfernandes/Documents/Projects/Weather_Nest/weather_app/src/weather/services/weather.service.ts","statementMap":{"0":{"start":{"line":2,"column":0},"end":{"line":2,"column":71}},"1":{"start":{"line":3,"column":0},"end":{"line":3,"column":44}},"2":{"start":{"line":4,"column":0},"end":{"line":4,"column":39}},"3":{"start":{"line":5,"column":0},"end":{"line":5,"column":43}},"4":{"start":{"line":9,"column":0},"end":{"line":31,"column":null}},"5":{"start":{"line":10,"column":22},"end":{"line":10,"column":35}},"6":{"start":{"line":12,"column":20},"end":{"line":15,"column":null}},"7":{"start":{"line":15,"column":32},"end":{"line":15,"column":74}},"8":{"start":{"line":17,"column":4},"end":{"line":18,"column":73}},"9":{"start":{"line":17,"column":17},"end":{"line":17,"column":32}},"10":{"start":{"line":18,"column":9},"end":{"line":18,"column":73}},"11":{"start":{"line":22,"column":25},"end":{"line":26,"column":40}},"12":{"start":{"line":26,"column":30},"end":{"line":26,"column":38}},"13":{"start":{"line":28,"column":4},"end":{"line":29,"column":73}},"14":{"start":{"line":28,"column":22},"end":{"line":28,"column":42}},"15":{"start":{"line":29,"column":9},"end":{"line":29,"column":73}},"16":{"start":{"line":9,"column":13},"end":{"line":31,"column":null}},"17":{"start":{"line":9,"column":13},"end":{"line":9,"column":27}}},"fnMap":{"0":{"name":"(anonymous_2)","decl":{"start":{"line":10,"column":2},"end":{"line":10,"column":22}},"loc":{"start":{"line":10,"column":46},"end":{"line":10,"column":50}}},"1":{"name":"(anonymous_3)","decl":{"start":{"line":11,"column":2},"end":{"line":11,"column":12}},"loc":{"start":{"line":11,"column":32},"end":{"line":19,"column":3}}},"2":{"name":"(anonymous_4)","decl":{"start":{"line":15,"column":18},"end":{"line":15,"column":19}},"loc":{"start":{"line":15,"column":32},"end":{"line":15,"column":74}}},"3":{"name":"(anonymous_5)","decl":{"start":{"line":21,"column":10},"end":{"line":21,"column":24}},"loc":{"start":{"line":21,"column":35},"end":{"line":30,"column":3}}},"4":{"name":"(anonymous_6)","decl":{"start":{"line":26,"column":16},"end":{"line":26,"column":17}},"loc":{"start":{"line":26,"column":30},"end":{"line":26,"column":38}}}},"branchMap":{"0":{"loc":{"start":{"line":17,"column":4},"end":{"line":18,"column":73}},"type":"if","locations":[{"start":{"line":17,"column":4},"end":{"line":18,"column":73}},{"start":{"line":18,"column":9},"end":{"line":18,"column":73}}]},"1":{"loc":{"start":{"line":28,"column":4},"end":{"line":29,"column":73}},"type":"if","locations":[{"start":{"line":28,"column":4},"end":{"line":29,"column":73}},{"start":{"line":29,"column":9},"end":{"line":29,"column":73}}]}},"s":{"0":2,"1":2,"2":2,"3":2,"4":2,"5":2,"6":1,"7":0,"8":1,"9":1,"10":0,"11":0,"12":0,"13":0,"14":0,"15":0,"16":2,"17":2},"f":{"0":2,"1":1,"2":0,"3":0,"4":0},"b":{"0":[1,0],"1":[0,0]}}
,"/Users/lucasfernandes/Documents/Projects/Weather_Nest/weather_app/src/weather/utils/helperFunctions.ts": {"path":"/Users/lucasfernandes/Documents/Projects/Weather_Nest/weather_app/src/weather/utils/helperFunctions.ts","statementMap":{"0":{"start":{"line":1,"column":34},"end":{"line":3,"column":1}},"1":{"start":{"line":2,"column":2},"end":{"line":2,"column":56}},"2":{"start":{"line":1,"column":13},"end":{"line":1,"column":34}},"3":{"start":{"line":5,"column":37},"end":{"line":7,"column":1}},"4":{"start":{"line":6,"column":2},"end":{"line":6,"column":58}},"5":{"start":{"line":5,"column":13},"end":{"line":5,"column":37}}},"fnMap":{"0":{"name":"(anonymous_0)","decl":{"start":{"line":1,"column":34},"end":{"line":1,"column":35}},"loc":{"start":{"line":1,"column":51},"end":{"line":3,"column":1}}},"1":{"name":"(anonymous_1)","decl":{"start":{"line":5,"column":37},"end":{"line":5,"column":38}},"loc":{"start":{"line":5,"column":56},"end":{"line":7,"column":1}}}},"branchMap":{},"s":{"0":1,"1":0,"2":1,"3":1,"4":1,"5":1},"f":{"0":0,"1":1},"b":{}}
}
